2020-05-04 23:32:39.448  INFO 96160 --- [restartedMain] com.watermelon.DemoApplication           : Starting DemoApplication on LAPTOP-60I60B2I with PID 96160 (D:\Programs\JAVA\JavaWeb\educational-evaluation\target\classes started by Watermelon in D:\Programs\JAVA\JavaWeb\educational-evaluation)
2020-05-04 23:32:39.453  INFO 96160 --- [restartedMain] com.watermelon.DemoApplication           : No active profile set, falling back to default profiles: default
2020-05-04 23:32:39.577  INFO 96160 --- [restartedMain] .e.DevToolsPropertyDefaultsPostProcessor : Devtools property defaults active! Set 'spring.devtools.add-properties' to 'false' to disable
2020-05-04 23:32:39.578  INFO 96160 --- [restartedMain] .e.DevToolsPropertyDefaultsPostProcessor : For additional web related logging consider setting the 'logging.level.web' property to 'DEBUG'
2020-05-04 23:32:41.553  INFO 96160 --- [restartedMain] trationDelegate$BeanPostProcessorChecker : Bean 'org.springframework.transaction.annotation.ProxyTransactionManagementConfiguration' of type [org.springframework.transaction.annotation.ProxyTransactionManagementConfiguration] is not eligible for getting processed by all BeanPostProcessors (for example: not eligible for auto-proxying)
2020-05-04 23:32:41.681  INFO 96160 --- [restartedMain] trationDelegate$BeanPostProcessorChecker : Bean 'shiroConfig' of type [com.watermelon.config.ShiroConfig$$EnhancerBySpringCGLIB$$869a8013] is not eligible for getting processed by all BeanPostProcessors (for example: not eligible for auto-proxying)
2020-05-04 23:32:41.711  INFO 96160 --- [restartedMain] trationDelegate$BeanPostProcessorChecker : Bean 'hashedCredentialsMatcher' of type [org.apache.shiro.authc.credential.HashedCredentialsMatcher] is not eligible for getting processed by all BeanPostProcessors (for example: not eligible for auto-proxying)
2020-05-04 23:32:41.811  INFO 96160 --- [restartedMain] trationDelegate$BeanPostProcessorChecker : Bean 'mybatis-org.mybatis.spring.boot.autoconfigure.MybatisProperties' of type [org.mybatis.spring.boot.autoconfigure.MybatisProperties] is not eligible for getting processed by all BeanPostProcessors (for example: not eligible for auto-proxying)
2020-05-04 23:32:41.823  INFO 96160 --- [restartedMain] trationDelegate$BeanPostProcessorChecker : Bean 'org.mybatis.spring.boot.autoconfigure.MybatisAutoConfiguration' of type [org.mybatis.spring.boot.autoconfigure.MybatisAutoConfiguration$$EnhancerBySpringCGLIB$$d513a912] is not eligible for getting processed by all BeanPostProcessors (for example: not eligible for auto-proxying)
2020-05-04 23:32:41.833  INFO 96160 --- [restartedMain] trationDelegate$BeanPostProcessorChecker : Bean 'druidConfig' of type [com.watermelon.config.DruidConfig$$EnhancerBySpringCGLIB$$db40e384] is not eligible for getting processed by all BeanPostProcessors (for example: not eligible for auto-proxying)
2020-05-04 23:32:41.901  INFO 96160 --- [restartedMain] trationDelegate$BeanPostProcessorChecker : Bean 'druidDataSource' of type [com.alibaba.druid.pool.DruidDataSource] is not eligible for getting processed by all BeanPostProcessors (for example: not eligible for auto-proxying)
2020-05-04 23:32:42.069  INFO 96160 --- [restartedMain] trationDelegate$BeanPostProcessorChecker : Bean 'spring.datasource-org.springframework.boot.autoconfigure.jdbc.DataSourceProperties' of type [org.springframework.boot.autoconfigure.jdbc.DataSourceProperties] is not eligible for getting processed by all BeanPostProcessors (for example: not eligible for auto-proxying)
2020-05-04 23:32:42.080  INFO 96160 --- [restartedMain] trationDelegate$BeanPostProcessorChecker : Bean 'org.springframework.boot.autoconfigure.jdbc.DataSourceInitializerInvoker' of type [org.springframework.boot.autoconfigure.jdbc.DataSourceInitializerInvoker] is not eligible for getting processed by all BeanPostProcessors (for example: not eligible for auto-proxying)
2020-05-04 23:32:42.329  INFO 96160 --- [restartedMain] trationDelegate$BeanPostProcessorChecker : Bean 'sqlSessionFactory' of type [org.apache.ibatis.session.defaults.DefaultSqlSessionFactory] is not eligible for getting processed by all BeanPostProcessors (for example: not eligible for auto-proxying)
2020-05-04 23:32:42.341  INFO 96160 --- [restartedMain] trationDelegate$BeanPostProcessorChecker : Bean 'sqlSessionTemplate' of type [org.mybatis.spring.SqlSessionTemplate] is not eligible for getting processed by all BeanPostProcessors (for example: not eligible for auto-proxying)
2020-05-04 23:32:42.362  INFO 96160 --- [restartedMain] trationDelegate$BeanPostProcessorChecker : Bean 'userMapper' of type [org.mybatis.spring.mapper.MapperFactoryBean] is not eligible for getting processed by all BeanPostProcessors (for example: not eligible for auto-proxying)
2020-05-04 23:32:42.370  INFO 96160 --- [restartedMain] trationDelegate$BeanPostProcessorChecker : Bean 'userMapper' of type [com.sun.proxy.$Proxy84] is not eligible for getting processed by all BeanPostProcessors (for example: not eligible for auto-proxying)
2020-05-04 23:32:42.375  INFO 96160 --- [restartedMain] trationDelegate$BeanPostProcessorChecker : Bean 'userServiceImpl' of type [com.watermelon.service.UserServiceImpl] is not eligible for getting processed by all BeanPostProcessors (for example: not eligible for auto-proxying)
2020-05-04 23:32:42.381  INFO 96160 --- [restartedMain] trationDelegate$BeanPostProcessorChecker : Bean 'roleMapper' of type [org.mybatis.spring.mapper.MapperFactoryBean] is not eligible for getting processed by all BeanPostProcessors (for example: not eligible for auto-proxying)
2020-05-04 23:32:42.382  INFO 96160 --- [restartedMain] trationDelegate$BeanPostProcessorChecker : Bean 'roleMapper' of type [com.sun.proxy.$Proxy86] is not eligible for getting processed by all BeanPostProcessors (for example: not eligible for auto-proxying)
2020-05-04 23:32:42.388  INFO 96160 --- [restartedMain] trationDelegate$BeanPostProcessorChecker : Bean 'permissionMapper' of type [org.mybatis.spring.mapper.MapperFactoryBean] is not eligible for getting processed by all BeanPostProcessors (for example: not eligible for auto-proxying)
2020-05-04 23:32:42.389  INFO 96160 --- [restartedMain] trationDelegate$BeanPostProcessorChecker : Bean 'permissionMapper' of type [com.sun.proxy.$Proxy88] is not eligible for getting processed by all BeanPostProcessors (for example: not eligible for auto-proxying)
2020-05-04 23:32:42.392  INFO 96160 --- [restartedMain] trationDelegate$BeanPostProcessorChecker : Bean 'roleServiceImpl' of type [com.watermelon.service.RoleServiceImpl] is not eligible for getting processed by all BeanPostProcessors (for example: not eligible for auto-proxying)
2020-05-04 23:32:42.395  INFO 96160 --- [restartedMain] trationDelegate$BeanPostProcessorChecker : Bean 'userRealm' of type [com.watermelon.config.UserRealm] is not eligible for getting processed by all BeanPostProcessors (for example: not eligible for auto-proxying)
2020-05-04 23:32:43.706  INFO 96160 --- [restartedMain] trationDelegate$BeanPostProcessorChecker : Bean 'securityManager' of type [org.apache.shiro.web.mgt.DefaultWebSecurityManager] is not eligible for getting processed by all BeanPostProcessors (for example: not eligible for auto-proxying)
2020-05-04 23:32:44.029  INFO 96160 --- [restartedMain] o.s.b.w.embedded.tomcat.TomcatWebServer  : Tomcat initialized with port(s): 8080 (http)
2020-05-04 23:32:44.039  INFO 96160 --- [restartedMain] o.apache.catalina.core.StandardService   : Starting service [Tomcat]
2020-05-04 23:32:44.039  INFO 96160 --- [restartedMain] org.apache.catalina.core.StandardEngine  : Starting Servlet engine: [Apache Tomcat/9.0.29]
2020-05-04 23:32:44.042  INFO 96160 --- [restartedMain] o.a.catalina.core.AprLifecycleListener   : Loaded APR based Apache Tomcat Native library [1.2.23] using APR version [1.7.0].
2020-05-04 23:32:44.042  INFO 96160 --- [restartedMain] o.a.catalina.core.AprLifecycleListener   : APR capabilities: IPv6 [true], sendfile [true], accept filters [false], random [true].
2020-05-04 23:32:44.042  INFO 96160 --- [restartedMain] o.a.catalina.core.AprLifecycleListener   : APR/OpenSSL configuration: useAprConnector [false], useOpenSSL [true]
2020-05-04 23:32:44.046  INFO 96160 --- [restartedMain] o.a.catalina.core.AprLifecycleListener   : OpenSSL successfully initialized [OpenSSL 1.1.1c  28 May 2019]
2020-05-04 23:32:44.166  INFO 96160 --- [restartedMain] o.a.c.c.C.[Tomcat].[localhost].[/]       : Initializing Spring embedded WebApplicationContext
2020-05-04 23:32:44.167  INFO 96160 --- [restartedMain] o.s.web.context.ContextLoader            : Root WebApplicationContext: initialization completed in 4581 ms
2020-05-04 23:32:45.037  INFO 96160 --- [restartedMain] pertySourcedRequestMappingHandlerMapping : Mapped URL path [/v2/api-docs] onto method [springfox.documentation.swagger2.web.Swagger2Controller#getDocumentation(String, HttpServletRequest)]
2020-05-04 23:32:45.324  INFO 96160 --- [restartedMain] o.s.s.concurrent.ThreadPoolTaskExecutor  : Initializing ExecutorService 'applicationTaskExecutor'
2020-05-04 23:32:45.465  INFO 96160 --- [restartedMain] o.s.b.d.a.OptionalLiveReloadServer       : LiveReload server is running on port 35729
2020-05-04 23:32:45.550  INFO 96160 --- [restartedMain] o.s.b.a.w.s.WelcomePageHandlerMapping    : Adding welcome page template: index
2020-05-04 23:32:46.016  INFO 96160 --- [restartedMain] d.s.w.p.DocumentationPluginsBootstrapper : Context refreshed
2020-05-04 23:32:46.037  INFO 96160 --- [restartedMain] d.s.w.p.DocumentationPluginsBootstrapper : Found 1 custom documentation plugin(s)
2020-05-04 23:32:46.105  INFO 96160 --- [restartedMain] s.d.s.w.s.ApiListingReferenceScanner     : Scanning for api listing references
2020-05-04 23:32:46.555  INFO 96160 --- [restartedMain] o.s.b.w.embedded.tomcat.TomcatWebServer  : Tomcat started on port(s): 8080 (http) with context path ''
2020-05-04 23:32:46.559  INFO 96160 --- [restartedMain] com.watermelon.DemoApplication           : Started DemoApplication in 7.896 seconds (JVM running for 10.26)
2020-05-04 23:33:16.336  INFO 96160 --- [http-nio-8080-exec-2] o.a.c.c.C.[Tomcat].[localhost].[/]       : Initializing Spring DispatcherServlet 'dispatcherServlet'
2020-05-04 23:33:16.336  INFO 96160 --- [http-nio-8080-exec-2] o.s.web.servlet.DispatcherServlet        : Initializing Servlet 'dispatcherServlet'
2020-05-04 23:33:16.366  INFO 96160 --- [http-nio-8080-exec-2] o.s.web.servlet.DispatcherServlet        : Completed initialization in 29 ms
2020-05-04 23:33:16.450  INFO 96160 --- [http-nio-8080-exec-2] gConfig$$EnhancerBySpringCGLIB$$c19708c6 : ------------before method invoke--------------
2020-05-04 23:33:16.455  INFO 96160 --- [http-nio-8080-exec-2] gConfig$$EnhancerBySpringCGLIB$$c19708c6 : request : Log(ip=0:0:0:0:0:0:0:1, url=http://localhost:8080/login, classMethod=com.watermelon.controller.IndexController.login, args=[小黑, 123, {}])
2020-05-04 23:33:17.247  INFO 96160 --- [http-nio-8080-exec-2] com.alibaba.druid.pool.DruidDataSource   : {dataSource-1} inited
2020-05-04 23:33:17.607  INFO 96160 --- [http-nio-8080-exec-2] gConfig$$EnhancerBySpringCGLIB$$c19708c6 : ------------after method invoke--------------
2020-05-04 23:33:17.607  INFO 96160 --- [http-nio-8080-exec-2] gConfig$$EnhancerBySpringCGLIB$$c19708c6 : ------------after return--------------
2020-05-04 23:33:17.607  INFO 96160 --- [http-nio-8080-exec-2] gConfig$$EnhancerBySpringCGLIB$$c19708c6 : result : index
2020-05-04 23:35:38.395  INFO 81592 --- [restartedMain] com.watermelon.DemoApplication           : Starting DemoApplication on LAPTOP-60I60B2I with PID 81592 (D:\Programs\JAVA\JavaWeb\educational-evaluation\target\classes started by Watermelon in D:\Programs\JAVA\JavaWeb\educational-evaluation)
2020-05-04 23:35:38.402  INFO 81592 --- [restartedMain] com.watermelon.DemoApplication           : No active profile set, falling back to default profiles: default
2020-05-04 23:35:38.533  INFO 81592 --- [restartedMain] .e.DevToolsPropertyDefaultsPostProcessor : Devtools property defaults active! Set 'spring.devtools.add-properties' to 'false' to disable
2020-05-04 23:35:38.534  INFO 81592 --- [restartedMain] .e.DevToolsPropertyDefaultsPostProcessor : For additional web related logging consider setting the 'logging.level.web' property to 'DEBUG'
2020-05-04 23:35:41.611  INFO 81592 --- [restartedMain] trationDelegate$BeanPostProcessorChecker : Bean 'org.springframework.transaction.annotation.ProxyTransactionManagementConfiguration' of type [org.springframework.transaction.annotation.ProxyTransactionManagementConfiguration] is not eligible for getting processed by all BeanPostProcessors (for example: not eligible for auto-proxying)
2020-05-04 23:35:41.749  INFO 81592 --- [restartedMain] trationDelegate$BeanPostProcessorChecker : Bean 'shiroConfig' of type [com.watermelon.config.ShiroConfig$$EnhancerBySpringCGLIB$$ea5e84ed] is not eligible for getting processed by all BeanPostProcessors (for example: not eligible for auto-proxying)
2020-05-04 23:35:41.772  INFO 81592 --- [restartedMain] trationDelegate$BeanPostProcessorChecker : Bean 'hashedCredentialsMatcher' of type [org.apache.shiro.authc.credential.HashedCredentialsMatcher] is not eligible for getting processed by all BeanPostProcessors (for example: not eligible for auto-proxying)
2020-05-04 23:35:41.917  INFO 81592 --- [restartedMain] trationDelegate$BeanPostProcessorChecker : Bean 'mybatis-org.mybatis.spring.boot.autoconfigure.MybatisProperties' of type [org.mybatis.spring.boot.autoconfigure.MybatisProperties] is not eligible for getting processed by all BeanPostProcessors (for example: not eligible for auto-proxying)
2020-05-04 23:35:41.933  INFO 81592 --- [restartedMain] trationDelegate$BeanPostProcessorChecker : Bean 'org.mybatis.spring.boot.autoconfigure.MybatisAutoConfiguration' of type [org.mybatis.spring.boot.autoconfigure.MybatisAutoConfiguration$$EnhancerBySpringCGLIB$$38d7adec] is not eligible for getting processed by all BeanPostProcessors (for example: not eligible for auto-proxying)
2020-05-04 23:35:41.969  INFO 81592 --- [restartedMain] trationDelegate$BeanPostProcessorChecker : Bean 'druidConfig' of type [com.watermelon.config.DruidConfig$$EnhancerBySpringCGLIB$$3f04e85e] is not eligible for getting processed by all BeanPostProcessors (for example: not eligible for auto-proxying)
2020-05-04 23:35:42.165  INFO 81592 --- [restartedMain] trationDelegate$BeanPostProcessorChecker : Bean 'druidDataSource' of type [com.alibaba.druid.pool.DruidDataSource] is not eligible for getting processed by all BeanPostProcessors (for example: not eligible for auto-proxying)
2020-05-04 23:35:42.321  INFO 81592 --- [restartedMain] trationDelegate$BeanPostProcessorChecker : Bean 'spring.datasource-org.springframework.boot.autoconfigure.jdbc.DataSourceProperties' of type [org.springframework.boot.autoconfigure.jdbc.DataSourceProperties] is not eligible for getting processed by all BeanPostProcessors (for example: not eligible for auto-proxying)
2020-05-04 23:35:42.333  INFO 81592 --- [restartedMain] trationDelegate$BeanPostProcessorChecker : Bean 'org.springframework.boot.autoconfigure.jdbc.DataSourceInitializerInvoker' of type [org.springframework.boot.autoconfigure.jdbc.DataSourceInitializerInvoker] is not eligible for getting processed by all BeanPostProcessors (for example: not eligible for auto-proxying)
2020-05-04 23:35:42.639  INFO 81592 --- [restartedMain] trationDelegate$BeanPostProcessorChecker : Bean 'sqlSessionFactory' of type [org.apache.ibatis.session.defaults.DefaultSqlSessionFactory] is not eligible for getting processed by all BeanPostProcessors (for example: not eligible for auto-proxying)
2020-05-04 23:35:42.648  INFO 81592 --- [restartedMain] trationDelegate$BeanPostProcessorChecker : Bean 'sqlSessionTemplate' of type [org.mybatis.spring.SqlSessionTemplate] is not eligible for getting processed by all BeanPostProcessors (for example: not eligible for auto-proxying)
2020-05-04 23:35:42.663  INFO 81592 --- [restartedMain] trationDelegate$BeanPostProcessorChecker : Bean 'userMapper' of type [org.mybatis.spring.mapper.MapperFactoryBean] is not eligible for getting processed by all BeanPostProcessors (for example: not eligible for auto-proxying)
2020-05-04 23:35:42.674  INFO 81592 --- [restartedMain] trationDelegate$BeanPostProcessorChecker : Bean 'userMapper' of type [com.sun.proxy.$Proxy84] is not eligible for getting processed by all BeanPostProcessors (for example: not eligible for auto-proxying)
2020-05-04 23:35:42.685  INFO 81592 --- [restartedMain] trationDelegate$BeanPostProcessorChecker : Bean 'userServiceImpl' of type [com.watermelon.service.UserServiceImpl] is not eligible for getting processed by all BeanPostProcessors (for example: not eligible for auto-proxying)
2020-05-04 23:35:42.692  INFO 81592 --- [restartedMain] trationDelegate$BeanPostProcessorChecker : Bean 'roleMapper' of type [org.mybatis.spring.mapper.MapperFactoryBean] is not eligible for getting processed by all BeanPostProcessors (for example: not eligible for auto-proxying)
2020-05-04 23:35:42.693  INFO 81592 --- [restartedMain] trationDelegate$BeanPostProcessorChecker : Bean 'roleMapper' of type [com.sun.proxy.$Proxy86] is not eligible for getting processed by all BeanPostProcessors (for example: not eligible for auto-proxying)
2020-05-04 23:35:42.701  INFO 81592 --- [restartedMain] trationDelegate$BeanPostProcessorChecker : Bean 'permissionMapper' of type [org.mybatis.spring.mapper.MapperFactoryBean] is not eligible for getting processed by all BeanPostProcessors (for example: not eligible for auto-proxying)
2020-05-04 23:35:42.703  INFO 81592 --- [restartedMain] trationDelegate$BeanPostProcessorChecker : Bean 'permissionMapper' of type [com.sun.proxy.$Proxy88] is not eligible for getting processed by all BeanPostProcessors (for example: not eligible for auto-proxying)
2020-05-04 23:35:42.706  INFO 81592 --- [restartedMain] trationDelegate$BeanPostProcessorChecker : Bean 'roleServiceImpl' of type [com.watermelon.service.RoleServiceImpl] is not eligible for getting processed by all BeanPostProcessors (for example: not eligible for auto-proxying)
2020-05-04 23:35:42.709  INFO 81592 --- [restartedMain] trationDelegate$BeanPostProcessorChecker : Bean 'userRealm' of type [com.watermelon.config.UserRealm] is not eligible for getting processed by all BeanPostProcessors (for example: not eligible for auto-proxying)
2020-05-04 23:35:44.074  INFO 81592 --- [restartedMain] trationDelegate$BeanPostProcessorChecker : Bean 'securityManager' of type [org.apache.shiro.web.mgt.DefaultWebSecurityManager] is not eligible for getting processed by all BeanPostProcessors (for example: not eligible for auto-proxying)
2020-05-04 23:35:44.580  INFO 81592 --- [restartedMain] o.s.b.w.embedded.tomcat.TomcatWebServer  : Tomcat initialized with port(s): 8080 (http)
2020-05-04 23:35:44.591  INFO 81592 --- [restartedMain] o.apache.catalina.core.StandardService   : Starting service [Tomcat]
2020-05-04 23:35:44.592  INFO 81592 --- [restartedMain] org.apache.catalina.core.StandardEngine  : Starting Servlet engine: [Apache Tomcat/9.0.29]
2020-05-04 23:35:44.594  INFO 81592 --- [restartedMain] o.a.catalina.core.AprLifecycleListener   : Loaded APR based Apache Tomcat Native library [1.2.23] using APR version [1.7.0].
2020-05-04 23:35:44.595  INFO 81592 --- [restartedMain] o.a.catalina.core.AprLifecycleListener   : APR capabilities: IPv6 [true], sendfile [true], accept filters [false], random [true].
2020-05-04 23:35:44.595  INFO 81592 --- [restartedMain] o.a.catalina.core.AprLifecycleListener   : APR/OpenSSL configuration: useAprConnector [false], useOpenSSL [true]
2020-05-04 23:35:44.599  INFO 81592 --- [restartedMain] o.a.catalina.core.AprLifecycleListener   : OpenSSL successfully initialized [OpenSSL 1.1.1c  28 May 2019]
2020-05-04 23:35:44.698  INFO 81592 --- [restartedMain] o.a.c.c.C.[Tomcat].[localhost].[/]       : Initializing Spring embedded WebApplicationContext
2020-05-04 23:35:44.698  INFO 81592 --- [restartedMain] o.s.web.context.ContextLoader            : Root WebApplicationContext: initialization completed in 6164 ms
2020-05-04 23:35:45.618  INFO 81592 --- [restartedMain] pertySourcedRequestMappingHandlerMapping : Mapped URL path [/v2/api-docs] onto method [springfox.documentation.swagger2.web.Swagger2Controller#getDocumentation(String, HttpServletRequest)]
2020-05-04 23:35:46.016  INFO 81592 --- [restartedMain] o.s.s.concurrent.ThreadPoolTaskExecutor  : Initializing ExecutorService 'applicationTaskExecutor'
2020-05-04 23:35:46.121  INFO 81592 --- [restartedMain] o.s.b.d.a.OptionalLiveReloadServer       : LiveReload server is running on port 35729
2020-05-04 23:35:46.161  INFO 81592 --- [restartedMain] o.s.b.a.w.s.WelcomePageHandlerMapping    : Adding welcome page template: index
2020-05-04 23:35:46.591  INFO 81592 --- [restartedMain] d.s.w.p.DocumentationPluginsBootstrapper : Context refreshed
2020-05-04 23:35:46.645  INFO 81592 --- [restartedMain] d.s.w.p.DocumentationPluginsBootstrapper : Found 1 custom documentation plugin(s)
2020-05-04 23:35:46.715  INFO 81592 --- [restartedMain] s.d.s.w.s.ApiListingReferenceScanner     : Scanning for api listing references
2020-05-04 23:35:47.124  INFO 81592 --- [restartedMain] o.s.b.w.embedded.tomcat.TomcatWebServer  : Tomcat started on port(s): 8080 (http) with context path ''
2020-05-04 23:35:47.132  INFO 81592 --- [restartedMain] com.watermelon.DemoApplication           : Started DemoApplication in 9.54 seconds (JVM running for 11.961)
